[24May2025 00:00:34.010] [Server thread/WARN] [net.minecraft.world.level.entity.PersistentEntitySectionManager/]: UUID of added entity already exists: Drowned['Drowned'/67118, l='ServerLevel[madafaka]', x=2162.50, y=51.00, z=3344.50]
[24May2025 00:00:54.518] [Server thread/INFO] [net.minecraft.server.MinecraftServer/]: KairosArch has completed the challenge [Charm Collector]
[24May2025 00:08:04.221] [Server thread/INFO] [net.minecraft.server.network.ServerGamePacketListenerImpl/]: KairosArch lost connection: Disconnected
[24May2025 00:08:04.221] [Server thread/INFO] [net.minecraft.server.MinecraftServer/]: KairosArch left the game
[24May2025 00:17:40.471] [Server thread/INFO] [net.minecraft.server.players.PlayerList/]: sokrose[/127.161.226.162:53569] logged in with entity id 68668 at (3395.300000011921, 89.0, 2290.399630569232)
[24May2025 00:17:40.477] [Server thread/INFO] [net.minecraft.server.MinecraftServer/]: sokrose joined the game
[24May2025 00:18:09.431] [Server thread/INFO] [net.minecraft.server.players.PlayerList/]: blackdesfail[/127.195.151.45:50719] logged in with entity id 68902 at (4192.576835075599, 33.0, 3404.49025842097)
[24May2025 00:18:09.437] [Server thread/INFO] [net.minecraft.server.MinecraftServer/]: blackdesfail joined the game
[24May2025 00:18:23.680] [Server thread/INFO] [net.minecraft.server.MinecraftServer/]: [Not Secure] <sokrose> black ponga skins
[24May2025 00:18:25.231] [Server thread/INFO] [net.minecraft.server.MinecraftServer/]: [Not Secure] <sokrose> xd
[24May2025 00:18:31.072] [Server thread/INFO] [net.minecraft.server.MinecraftServer/]: [Not Secure] <sokrose> y hagale tp al epico
[24May2025 00:18:32.208] [Server thread/INFO] [net.minecraft.server.MinecraftServer/]: [Not Secure] <blackdesfail> all
[24May2025 00:18:34.584] [Server thread/INFO] [net.minecraft.server.MinecraftServer/]: [Not Secure] <sokrose> que paja caminar
[24May2025 00:18:35.206] [Server thread/INFO] [net.minecraft.server.MinecraftServer/]: [Not Secure] <blackdesfail> call
[24May2025 00:18:37.367] [Server thread/INFO] [net.minecraft.server.MinecraftServer/]: [Not Secure] <sokrose> todo eso
[24May2025 00:18:44.288] [Server thread/INFO] [net.minecraft.server.MinecraftServer/]: [Not Secure] <blackdesfail> llameme
[24May2025 00:20:24.887] [Server thread/INFO] [net.minecraft.server.MinecraftServer/]: [Not Secure] <sokrose> venga a estas coords 3400 2300
[24May2025 00:20:27.375] [Server thread/INFO] [net.minecraft.server.network.ServerGamePacketListenerImpl/]: sokrose lost connection: Disconnected
[24May2025 00:20:27.376] [Server thread/INFO] [net.minecraft.server.MinecraftServer/]: sokrose left the game
[24May2025 00:21:07.727] [Server thread/INFO] [net.minecraft.server.players.PlayerList/]: sokrose[/127.161.226.162:44565] logged in with entity id 70461 at (3393.764032285502, 74.0, 2294.2856163967945)
[24May2025 00:21:07.734] [Server thread/INFO] [net.minecraft.server.MinecraftServer/]: sokrose joined the game
